\BOOKMARK [0][-]{chapter.1}{\376\377\000C\000o\000a\000r\000s\000e\000\040\000g\000r\000a\000i\000n\000e\000d\000\040\000m\000o\000d\000e\000l\000\040\000u\000t\000i\000l\000i\000t\000i\000e\000s}{}% 1
\BOOKMARK [1][-]{section.1.1}{\376\377\040\030\000b\000a\000s\000i\000c\000\137\000c\000g\000m\000o\000d\000e\000l\040\031\000:\000\040\000a\000\040\000s\000i\000m\000p\000l\000e\000\040\000f\000u\000n\000c\000t\000i\000o\000n\000\040\000t\000o\000\040\000b\000u\000i\000l\000d\000\040\000c\000o\000a\000r\000s\000e\000\040\000g\000r\000a\000i\000n\000e\000d\000\040\000h\000o\000m\000o\000p\000o\000l\000y\000m\000e\000r\000s}{chapter.1}% 2
\BOOKMARK [1][-]{section.1.2}{\376\377\000U\000s\000i\000n\000g\000\040\000t\000h\000e\000\040\040\030\000C\000G\000M\000o\000d\000e\000l\000\050\000\051\040\031\000\040\000c\000l\000a\000s\000s\000\040\000t\000o\000\040\000b\000u\000i\000l\000d\000\040\000c\000o\000a\000r\000s\000e\000\040\000g\000r\000a\000i\000n\000e\000d\000\040\000h\000e\000t\000e\000r\000o\000p\000o\000l\000y\000m\000e\000r\000s}{chapter.1}% 3
\BOOKMARK [0][-]{chapter.2}{\376\377\000T\000h\000e\000r\000m\000o\000d\000y\000n\000a\000m\000i\000c\000\040\000a\000n\000a\000l\000y\000s\000i\000s\000\040\000t\000o\000o\000l\000s\000\040\000f\000o\000r\000\040\000c\000o\000a\000r\000s\000e\000\040\000g\000r\000a\000i\000n\000e\000d\000\040\000m\000o\000d\000e\000l\000i\000n\000g}{}% 4
\BOOKMARK [1][-]{section.2.1}{\376\377\000U\000s\000i\000n\000g\000\040\000M\000B\000A\000R\000\040\000t\000o\000\040\000c\000o\000m\000p\000u\000t\000e\000\040\000e\000x\000p\000e\000c\000t\000a\000t\000i\000o\000n\000\040\000v\000a\000l\000u\000e\000s\000\040\000f\000o\000r\000\040\000s\000t\000r\000u\000c\000t\000u\000r\000a\000l\000\040\000\046\000\040\000t\000h\000e\000r\000m\000o\000d\000y\000n\000a\000m\000i\000c\000\040\000p\000r\000o\000p\000e\000r\000t\000i\000e\000s}{chapter.2}% 5
\BOOKMARK [1][-]{section.2.2}{\376\377\000E\000v\000a\000l\000u\000a\000t\000i\000n\000g\000\040\000t\000h\000e\000r\000m\000o\000d\000y\000n\000a\000m\000i\000c\000\040\000p\000r\000o\000p\000e\000r\000t\000i\000e\000s\000\040\000w\000i\000t\000h\000\040\040\030\000p\000y\000m\000b\000a\000r\040\031}{chapter.2}% 6
\BOOKMARK [1][-]{section.2.3}{\376\377\000T\000o\000o\000l\000s\000\040\000t\000o\000\040\000e\000v\000a\000l\000u\000a\000t\000e\000\040\000t\000h\000e\000r\000m\000o\000d\000y\000n\000a\000m\000i\000c\000\040\000p\000r\000o\000p\000e\000r\000t\000i\000e\000s\000\040\000w\000i\000t\000h\000\040\040\030\000p\000y\000m\000b\000a\000r\040\031}{chapter.2}% 7
\BOOKMARK [1][-]{section.2.4}{\376\377\000C\000a\000l\000c\000u\000l\000a\000t\000i\000n\000g\000\040\000t\000h\000e\000\040\000h\000e\000a\000t\000\040\000c\000a\000p\000a\000c\000i\000t\000y\000\040\000w\000i\000t\000h\000\040\000p\000y\000m\000b\000a\000r}{chapter.2}% 8
\BOOKMARK [0][-]{chapter.3}{\376\377\000E\000n\000s\000e\000m\000b\000l\000e\000\040\000b\000u\000i\000l\000d\000i\000n\000g\000\040\000t\000o\000o\000l\000s}{}% 9
\BOOKMARK [1][-]{section.3.1}{\376\377\000U\000s\000i\000n\000g\000\040\000M\000S\000M\000B\000u\000i\000l\000d\000e\000r\000\040\000t\000o\000\040\000g\000e\000n\000e\000r\000a\000t\000e\000\040\000c\000o\000n\000f\000o\000r\000m\000a\000t\000i\000o\000n\000a\000l\000\040\000e\000n\000s\000e\000m\000b\000l\000e\000s}{chapter.3}% 10
\BOOKMARK [1][-]{section.3.2}{\376\377\000N\000a\000t\000i\000v\000e\000\040\000s\000t\000r\000u\000c\000t\000u\000r\000e\000-\000b\000a\000s\000e\000d\000\040\000e\000n\000s\000e\000m\000b\000l\000e\000\040\000g\000e\000n\000e\000r\000a\000t\000i\000o\000n\000\040\000t\000o\000o\000l\000s}{chapter.3}% 11
\BOOKMARK [1][-]{section.3.3}{\376\377\000E\000n\000e\000r\000g\000y\000-\000b\000a\000s\000e\000d\000\040\000e\000n\000s\000e\000m\000b\000l\000e\000\040\000g\000e\000n\000e\000r\000a\000t\000i\000o\000n\000\040\000t\000o\000o\000l\000s}{chapter.3}% 12
\BOOKMARK [1][-]{section.3.4}{\376\377\000W\000r\000i\000t\000i\000n\000g\000\040\000a\000n\000d\000\040\000r\000e\000a\000d\000i\000n\000g\000\040\000e\000n\000s\000e\000m\000b\000l\000e\000\040\000d\000a\000t\000a\000\040\000f\000r\000o\000m\000\040\000t\000h\000e\000\040\040\030\000f\000o\000l\000d\000a\000m\000e\000r\000s\040\031\000\040\000d\000a\000t\000a\000b\000a\000s\000e}{chapter.3}% 13
\BOOKMARK [0][-]{chapter.4}{\376\377\000U\000t\000i\000l\000i\000t\000i\000e\000s\000\040\000f\000o\000r\000\040\000t\000h\000e\000\040\040\030\000f\000o\000l\000d\000a\000m\000e\000r\000s\040\031\000\040\000p\000a\000c\000k\000a\000g\000e}{}% 14
\BOOKMARK [1][-]{section.4.1}{\376\377\000R\000a\000n\000d\000o\000m\000\040\000s\000t\000r\000u\000c\000t\000u\000r\000e\000\040\000g\000e\000n\000e\000r\000a\000t\000i\000o\000n\000\040\000i\000n\000\040\040\030\000f\000o\000l\000d\000a\000m\000e\000r\000s\040\031}{chapter.4}% 15
\BOOKMARK [1][-]{section.4.2}{\376\377\000R\000e\000a\000d\000i\000n\000g\000\040\000a\000n\000d\000\040\000w\000r\000i\000t\000i\000n\000g\000\040\000t\000o\000\040\000o\000u\000t\000p\000u\000t\000\040\000w\000i\000t\000h\000i\000n\000\040\000t\000h\000e\000\040\040\030\000f\000o\000l\000d\000a\000m\000e\000r\000s\040\031\000\040\000p\000a\000c\000k\000a\000g\000e}{chapter.4}% 16
\BOOKMARK [0][-]{chapter.5}{\376\377\000P\000a\000r\000a\000m\000e\000t\000e\000r\000\040\000a\000n\000a\000l\000y\000s\000i\000s\000\040\000t\000o\000o\000l\000s\000\040\000f\000o\000r\000\040\000c\000o\000a\000r\000s\000e\000\040\000g\000r\000a\000i\000n\000e\000d\000\040\000m\000o\000d\000e\000l\000i\000n\000g}{}% 17
\BOOKMARK [0][-]{chapter.6}{\376\377\000I\000n\000d\000i\000c\000e\000s\000\040\000a\000n\000d\000\040\000t\000a\000b\000l\000e\000s}{}% 18
\BOOKMARK [0][-]{section*.95}{\376\377\000P\000y\000t\000h\000o\000n\000\040\000M\000o\000d\000u\000l\000e\000\040\000I\000n\000d\000e\000x}{}% 19
\BOOKMARK [0][-]{section*.96}{\376\377\000I\000n\000d\000e\000x}{}% 20
